{"/Users/absett/Documents/Work/cryptochain/src/block.ts": {"path":"/Users/absett/Documents/Work/cryptochain/src/block.ts","statementMap":{"0":{"start":{"line":16,"column":71},"end":{"line":16,"column":76}},"1":{"start":{"line":17,"column":8},"end":{"line":17,"column":35}},"2":{"start":{"line":18,"column":8},"end":{"line":18,"column":33}},"3":{"start":{"line":19,"column":8},"end":{"line":19,"column":25}},"4":{"start":{"line":20,"column":8},"end":{"line":20,"column":25}},"5":{"start":{"line":21,"column":8},"end":{"line":21,"column":27}},"6":{"start":{"line":22,"column":8},"end":{"line":22,"column":37}},"7":{"start":{"line":26,"column":33},"end":{"line":26,"column":39}},"8":{"start":{"line":27,"column":8},"end":{"line":27,"column":38}},"9":{"start":{"line":31,"column":36},"end":{"line":31,"column":41}},"10":{"start":{"line":33,"column":35},"end":{"line":33,"column":44}},"11":{"start":{"line":34,"column":25},"end":{"line":34,"column":45}},"12":{"start":{"line":36,"column":20},"end":{"line":36,"column":21}},"13":{"start":{"line":38,"column":8},"end":{"line":43,"column":88}},"14":{"start":{"line":39,"column":12},"end":{"line":39,"column":20}},"15":{"start":{"line":40,"column":12},"end":{"line":40,"column":35}},"16":{"start":{"line":41,"column":12},"end":{"line":41,"column":89}},"17":{"start":{"line":42,"column":12},"end":{"line":42,"column":75}},"18":{"start":{"line":45,"column":8},"end":{"line":52,"column":10}},"19":{"start":{"line":56,"column":31},"end":{"line":56,"column":44}},"20":{"start":{"line":57,"column":8},"end":{"line":59,"column":9}},"21":{"start":{"line":58,"column":12},"end":{"line":58,"column":21}},"22":{"start":{"line":60,"column":8},"end":{"line":62,"column":9}},"23":{"start":{"line":61,"column":12},"end":{"line":61,"column":34}},"24":{"start":{"line":63,"column":8},"end":{"line":63,"column":30}}},"fnMap":{"0":{"name":"(anonymous_0)","decl":{"start":{"line":15,"column":4},"end":{"line":15,"column":5}},"loc":{"start":{"line":15,"column":34},"end":{"line":23,"column":5}},"line":15},"1":{"name":"(anonymous_1)","decl":{"start":{"line":25,"column":4},"end":{"line":25,"column":5}},"loc":{"start":{"line":25,"column":21},"end":{"line":28,"column":5}},"line":25},"2":{"name":"(anonymous_2)","decl":{"start":{"line":30,"column":4},"end":{"line":30,"column":5}},"loc":{"start":{"line":30,"column":44},"end":{"line":53,"column":5}},"line":30},"3":{"name":"(anonymous_3)","decl":{"start":{"line":55,"column":4},"end":{"line":55,"column":5}},"loc":{"start":{"line":55,"column":89},"end":{"line":64,"column":5}},"line":55}},"branchMap":{"0":{"loc":{"start":{"line":57,"column":8},"end":{"line":59,"column":9}},"type":"if","locations":[{"start":{"line":57,"column":8},"end":{"line":59,"column":9}},{"start":{},"end":{}}],"line":57},"1":{"loc":{"start":{"line":60,"column":8},"end":{"line":62,"column":9}},"type":"if","locations":[{"start":{"line":60,"column":8},"end":{"line":62,"column":9}},{"start":{},"end":{}}],"line":60}},"s":{"0":58,"1":58,"2":58,"3":58,"4":58,"5":58,"6":58,"7":30,"8":30,"9":26,"10":26,"11":26,"12":26,"13":26,"14":193,"15":193,"16":193,"17":193,"18":26,"19":196,"20":196,"21":1,"22":195,"23":35,"24":160},"f":{"0":58,"1":30,"2":26,"3":196},"b":{"0":[1,195],"1":[35,160]},"_coverageSchema":"1a1c01bbd47fc00a2c39e90264f33305004495a9","hash":"8f2206186b16d7e014849c22de2470685e9618c6"}
,"/Users/absett/Documents/Work/cryptochain/src/blockchain.ts": {"path":"/Users/absett/Documents/Work/cryptochain/src/blockchain.ts","statementMap":{"0":{"start":{"line":10,"column":8},"end":{"line":10,"column":39}},"1":{"start":{"line":14,"column":25},"end":{"line":17,"column":10}},"2":{"start":{"line":19,"column":8},"end":{"line":19,"column":34}},"3":{"start":{"line":24,"column":8},"end":{"line":26,"column":9}},"4":{"start":{"line":25,"column":12},"end":{"line":25,"column":25}},"5":{"start":{"line":29,"column":8},"end":{"line":47,"column":9}},"6":{"start":{"line":29,"column":21},"end":{"line":29,"column":22}},"7":{"start":{"line":30,"column":75},"end":{"line":30,"column":96}},"8":{"start":{"line":31,"column":33},"end":{"line":31,"column":63}},"9":{"start":{"line":32,"column":35},"end":{"line":32,"column":71}},"10":{"start":{"line":33,"column":12},"end":{"line":35,"column":13}},"11":{"start":{"line":34,"column":16},"end":{"line":34,"column":29}},"12":{"start":{"line":37,"column":12},"end":{"line":39,"column":13}},"13":{"start":{"line":38,"column":16},"end":{"line":38,"column":29}},"14":{"start":{"line":42,"column":34},"end":{"line":42,"column":90}},"15":{"start":{"line":44,"column":12},"end":{"line":46,"column":13}},"16":{"start":{"line":45,"column":16},"end":{"line":45,"column":29}},"17":{"start":{"line":48,"column":8},"end":{"line":48,"column":20}},"18":{"start":{"line":53,"column":8},"end":{"line":56,"column":9}},"19":{"start":{"line":54,"column":12},"end":{"line":54,"column":59}},"20":{"start":{"line":55,"column":12},"end":{"line":55,"column":19}},"21":{"start":{"line":59,"column":8},"end":{"line":62,"column":9}},"22":{"start":{"line":60,"column":12},"end":{"line":60,"column":57}},"23":{"start":{"line":61,"column":12},"end":{"line":61,"column":19}},"24":{"start":{"line":64,"column":8},"end":{"line":64,"column":59}},"25":{"start":{"line":65,"column":8},"end":{"line":65,"column":35}}},"fnMap":{"0":{"name":"(anonymous_0)","decl":{"start":{"line":9,"column":4},"end":{"line":9,"column":5}},"loc":{"start":{"line":9,"column":18},"end":{"line":11,"column":5}},"line":9},"1":{"name":"(anonymous_1)","decl":{"start":{"line":13,"column":4},"end":{"line":13,"column":5}},"loc":{"start":{"line":13,"column":44},"end":{"line":20,"column":5}},"line":13},"2":{"name":"(anonymous_2)","decl":{"start":{"line":22,"column":4},"end":{"line":22,"column":5}},"loc":{"start":{"line":22,"column":66},"end":{"line":49,"column":5}},"line":22},"3":{"name":"(anonymous_3)","decl":{"start":{"line":51,"column":4},"end":{"line":51,"column":5}},"loc":{"start":{"line":51,"column":45},"end":{"line":66,"column":5}},"line":51}},"branchMap":{"0":{"loc":{"start":{"line":24,"column":8},"end":{"line":26,"column":9}},"type":"if","locations":[{"start":{"line":24,"column":8},"end":{"line":26,"column":9}},{"start":{},"end":{}}],"line":24},"1":{"loc":{"start":{"line":33,"column":12},"end":{"line":35,"column":13}},"type":"if","locations":[{"start":{"line":33,"column":12},"end":{"line":35,"column":13}},{"start":{},"end":{}}],"line":33},"2":{"loc":{"start":{"line":37,"column":12},"end":{"line":39,"column":13}},"type":"if","locations":[{"start":{"line":37,"column":12},"end":{"line":39,"column":13}},{"start":{},"end":{}}],"line":37},"3":{"loc":{"start":{"line":44,"column":12},"end":{"line":46,"column":13}},"type":"if","locations":[{"start":{"line":44,"column":12},"end":{"line":46,"column":13}},{"start":{},"end":{}}],"line":44},"4":{"loc":{"start":{"line":53,"column":8},"end":{"line":56,"column":9}},"type":"if","locations":[{"start":{"line":53,"column":8},"end":{"line":56,"column":9}},{"start":{},"end":{}}],"line":53},"5":{"loc":{"start":{"line":59,"column":8},"end":{"line":62,"column":9}},"type":"if","locations":[{"start":{"line":59,"column":8},"end":{"line":62,"column":9}},{"start":{},"end":{}}],"line":59}},"s":{"0":18,"1":25,"2":25,"3":9,"4":1,"5":8,"6":8,"7":21,"8":21,"9":21,"10":21,"11":1,"12":20,"13":1,"14":19,"15":19,"16":3,"17":3,"18":6,"19":2,"20":2,"21":4,"22":2,"23":2,"24":2,"25":2},"f":{"0":18,"1":25,"2":9,"3":6},"b":{"0":[1,8],"1":[1,20],"2":[1,19],"3":[3,16],"4":[2,4],"5":[2,2]},"_coverageSchema":"1a1c01bbd47fc00a2c39e90264f33305004495a9","hash":"27d50a613905f060aedd1f0b2d0a3f08e4fcecab"}
,"/Users/absett/Documents/Work/cryptochain/src/config.ts": {"path":"/Users/absett/Documents/Work/cryptochain/src/config.ts","statementMap":{"0":{"start":{"line":3,"column":27},"end":{"line":3,"column":28}}},"fnMap":{},"branchMap":{},"s":{"0":2},"f":{},"b":{},"_coverageSchema":"1a1c01bbd47fc00a2c39e90264f33305004495a9","hash":"a6eb3f5d8b3802808dd8c33629174da883abd584"}
,"/Users/absett/Documents/Work/cryptochain/src/crypto-hash.ts": {"path":"/Users/absett/Documents/Work/cryptochain/src/crypto-hash.ts","statementMap":{"0":{"start":{"line":4,"column":26},"end":{"line":8,"column":1}},"1":{"start":{"line":5,"column":17},"end":{"line":5,"column":44}},"2":{"start":{"line":6,"column":4},"end":{"line":6,"column":41}},"3":{"start":{"line":7,"column":4},"end":{"line":7,"column":30}}},"fnMap":{"0":{"name":"(anonymous_0)","decl":{"start":{"line":4,"column":26},"end":{"line":4,"column":27}},"loc":{"start":{"line":4,"column":49},"end":{"line":8,"column":1}},"line":4}},"branchMap":{},"s":{"0":3,"1":217,"2":217,"3":217},"f":{"0":217},"b":{},"_coverageSchema":"1a1c01bbd47fc00a2c39e90264f33305004495a9","hash":"c05c5d822bb5f407732ef71bcff1a1e567cc7384"}
}
