TN:
SF:src/block.ts
FN:15,(anonymous_0)
FN:25,(anonymous_1)
FN:30,(anonymous_2)
FN:55,(anonymous_3)
FNF:4
FNH:4
FNDA:58,(anonymous_0)
FNDA:30,(anonymous_1)
FNDA:26,(anonymous_2)
FNDA:196,(anonymous_3)
DA:16,58
DA:17,58
DA:18,58
DA:19,58
DA:20,58
DA:21,58
DA:22,58
DA:26,30
DA:27,30
DA:31,26
DA:33,26
DA:34,26
DA:36,26
DA:38,26
DA:39,193
DA:40,193
DA:41,193
DA:42,193
DA:45,26
DA:56,196
DA:57,196
DA:58,1
DA:60,195
DA:61,35
DA:63,160
LF:25
LH:25
BRDA:57,0,0,1
BRDA:57,0,1,195
BRDA:60,1,0,35
BRDA:60,1,1,160
BRF:4
BRH:4
end_of_record
TN:
SF:src/blockchain.ts
FN:9,(anonymous_0)
FN:13,(anonymous_1)
FN:22,(anonymous_2)
FN:51,(anonymous_3)
FNF:4
FNH:4
FNDA:18,(anonymous_0)
FNDA:25,(anonymous_1)
FNDA:9,(anonymous_2)
FNDA:6,(anonymous_3)
DA:10,18
DA:14,25
DA:19,25
DA:24,9
DA:25,1
DA:29,8
DA:30,21
DA:31,21
DA:32,21
DA:33,21
DA:34,1
DA:37,20
DA:38,1
DA:42,19
DA:44,19
DA:45,3
DA:48,3
DA:53,6
DA:54,2
DA:55,2
DA:59,4
DA:60,2
DA:61,2
DA:64,2
DA:65,2
LF:25
LH:25
BRDA:24,0,0,1
BRDA:24,0,1,8
BRDA:33,1,0,1
BRDA:33,1,1,20
BRDA:37,2,0,1
BRDA:37,2,1,19
BRDA:44,3,0,3
BRDA:44,3,1,16
BRDA:53,4,0,2
BRDA:53,4,1,4
BRDA:59,5,0,2
BRDA:59,5,1,2
BRF:12
BRH:12
end_of_record
TN:
SF:src/config.ts
FNF:0
FNH:0
DA:3,2
LF:1
LH:1
BRF:0
BRH:0
end_of_record
TN:
SF:src/crypto-hash.ts
FN:4,(anonymous_0)
FNF:1
FNH:1
FNDA:217,(anonymous_0)
DA:4,3
DA:5,217
DA:6,217
DA:7,217
LF:4
LH:4
BRF:0
BRH:0
end_of_record
